<?xml version="1.0" encoding="UTF-8"?>
<testsuite xmlns:xsi="http://www.w3.org/2001/XMLSchema-instance" xsi:noNamespaceSchemaLocation="https://maven.apache.org/surefire/maven-surefire-plugin/xsd/surefire-test-report.xsd" name="it.matt.HelloFXTest" time="0.039" tests="1" errors="0" skipped="0" failures="0">
  <properties>
    <property name="awt.toolkit" value="sun.awt.X11.XToolkit"/>
    <property name="java.specification.version" value="13"/>
    <property name="sun.jnu.encoding" value="UTF-8"/>
    <property name="java.class.path" value="/home/matt/Scrivania/HelloFX/target/test-classes:/home/matt/Scrivania/HelloFX/target/classes:/home/matt/.m2/repository/junit/junit/4.11/junit-4.11.jar:/home/matt/.m2/repository/org/hamcrest/hamcrest-core/1.3/hamcrest-core-1.3.jar:/home/matt/.m2/repository/org/openjfx/javafx-controls/13/javafx-controls-13.jar:/home/matt/.m2/repository/org/openjfx/javafx-controls/13/javafx-controls-13-linux.jar:/home/matt/.m2/repository/org/openjfx/javafx-graphics/13/javafx-graphics-13.jar:/home/matt/.m2/repository/org/openjfx/javafx-graphics/13/javafx-graphics-13-linux.jar:/home/matt/.m2/repository/org/openjfx/javafx-base/13/javafx-base-13.jar:/home/matt/.m2/repository/org/openjfx/javafx-base/13/javafx-base-13-linux.jar:"/>
    <property name="java.vm.vendor" value="Ubuntu"/>
    <property name="sun.arch.data.model" value="64"/>
    <property name="java.vendor.url" value="https://launchpad.net/ubuntu/+source/openjdk-13"/>
    <property name="os.name" value="Linux"/>
    <property name="java.vm.specification.version" value="13"/>
    <property name="sun.java.launcher" value="SUN_STANDARD"/>
    <property name="user.country" value="IT"/>
    <property name="sun.boot.library.path" value="/usr/lib/jvm/java-13-openjdk-amd64/lib"/>
    <property name="sun.java.command" value="/home/matt/Scrivania/HelloFX/target/surefire/surefirebooter17598232066510266743.jar /home/matt/Scrivania/HelloFX/target/surefire 2020-01-15T18-17-32_465-jvmRun1 surefire17831057611118520208tmp surefire_015208700761910190942tmp"/>
    <property name="jdk.debug" value="release"/>
    <property name="surefire.test.class.path" value="/home/matt/Scrivania/HelloFX/target/test-classes:/home/matt/Scrivania/HelloFX/target/classes:/home/matt/.m2/repository/junit/junit/4.11/junit-4.11.jar:/home/matt/.m2/repository/org/hamcrest/hamcrest-core/1.3/hamcrest-core-1.3.jar:/home/matt/.m2/repository/org/openjfx/javafx-controls/13/javafx-controls-13.jar:/home/matt/.m2/repository/org/openjfx/javafx-controls/13/javafx-controls-13-linux.jar:/home/matt/.m2/repository/org/openjfx/javafx-graphics/13/javafx-graphics-13.jar:/home/matt/.m2/repository/org/openjfx/javafx-graphics/13/javafx-graphics-13-linux.jar:/home/matt/.m2/repository/org/openjfx/javafx-base/13/javafx-base-13.jar:/home/matt/.m2/repository/org/openjfx/javafx-base/13/javafx-base-13-linux.jar:"/>
    <property name="sun.cpu.endian" value="little"/>
    <property name="user.home" value="/home/matt"/>
    <property name="user.language" value="it"/>
    <property name="java.specification.vendor" value="Oracle Corporation"/>
    <property name="java.version.date" value="2019-09-17"/>
    <property name="java.home" value="/usr/lib/jvm/java-13-openjdk-amd64"/>
    <property name="file.separator" value="/"/>
    <property name="basedir" value="/home/matt/Scrivania/HelloFX"/>
    <property name="java.vm.compressedOopsMode" value="Zero based"/>
    <property name="line.separator" value="&#10;"/>
    <property name="java.vm.specification.vendor" value="Oracle Corporation"/>
    <property name="java.specification.name" value="Java Platform API Specification"/>
    <property name="java.awt.graphicsenv" value="sun.awt.X11GraphicsEnvironment"/>
    <property name="surefire.real.class.path" value="/home/matt/Scrivania/HelloFX/target/surefire/surefirebooter17598232066510266743.jar"/>
    <property name="sun.management.compiler" value="HotSpot 64-Bit Tiered Compilers"/>
    <property name="java.runtime.version" value="13+13-Ubuntu-0ubunt1"/>
    <property name="user.name" value="matt"/>
    <property name="path.separator" value=":"/>
    <property name="os.version" value="5.0.0-38-generic"/>
    <property name="java.runtime.name" value="OpenJDK Runtime Environment"/>
    <property name="file.encoding" value="UTF-8"/>
    <property name="java.vm.name" value="OpenJDK 64-Bit Server VM"/>
    <property name="localRepository" value="/home/matt/.m2/repository"/>
    <property name="java.vendor.url.bug" value="https://bugs.launchpad.net/ubuntu/+source/openjdk-13"/>
    <property name="java.io.tmpdir" value="/tmp"/>
    <property name="java.version" value="13"/>
    <property name="user.dir" value="/home/matt/Scrivania/HelloFX"/>
    <property name="os.arch" value="amd64"/>
    <property name="java.vm.specification.name" value="Java Virtual Machine Specification"/>
    <property name="idea.version2019.3.1" value="true"/>
    <property name="java.library.path" value="/usr/java/packages/lib:/usr/lib/x86_64-linux-gnu/jni:/lib/x86_64-linux-gnu:/usr/lib/x86_64-linux-gnu:/usr/lib/jni:/lib:/usr/lib"/>
    <property name="java.vm.info" value="mixed mode, sharing"/>
    <property name="java.vendor" value="Ubuntu"/>
    <property name="java.vm.version" value="13+13-Ubuntu-0ubunt1"/>
    <property name="sun.io.unicode.encoding" value="UnicodeLittle"/>
    <property name="java.class.version" value="57.0"/>
  </properties>
  <testcase name="shouldAnswerWithTrue" classname="it.matt.HelloFXTest" time="0.002"/>
</testsuite>